2023-01-01 10:04:04,433 - instabot version: 0.117.0 (bot) - INFO - Instabot version: 0.117.0 Started
2023-01-01 10:04:04,434 - instabot version: 0.117.0 (bot) - DEBUG - Bot imported from C:\Users\Mal McD\AppData\Local\Packages\PythonSoftwareFoundation.Python.3.9_qbz5n2kfra8p0\LocalCache\local-packages\Python39\site-packages\instabot\bot\bot.py
2023-01-01 10:04:04,434 - instabot version: 0.117.0 (api_login) - DEBUG - Loading cookies
2023-01-01 10:04:04,435 - instabot version: 0.117.0 (api_login) - DEBUG - Loading uuids
2023-01-01 10:04:04,435 - instabot version: 0.117.0 (api_login) - INFO - Recovery from C:\Users\Mal McD\Desktop\UnightTests\functionality/config/hajbibiii_uuid_and_cookie.json: COOKIE True - UUIDs True - TIMING, DEVICE and ...
- user-agent=Instagram 117.0.0.28.123 Android (28/9.0; 420dpi; 1080x1920; OnePlus; ONEPLUS A3003; OnePlus3; qcom; en_US; 180322800)
- phone_id=f9fe3ee6-c3d6-4377-a1f8-b5970e476425
- uuid=075295ab-0536-451a-ba75-0d8acda91fcf
- client_session_id=4dcb8671-ff5f-4052-a8bf-a9198b82a8d4
- device_id=android-f729190fcd58203e
2023-01-01 10:04:04,438 - instabot version: 0.117.0 (api_login) - INFO - LOGIN FLOW! Just logged-in: False
2023-01-01 10:04:05,422 - instabot version: 0.117.0 (api) - DEBUG - POST to endpoint: feed/timeline/ returned response: <Response [200]>
2023-01-01 10:04:05,628 - instabot version: 0.117.0 (api) - DEBUG - POST to endpoint: feed/reels_tray/ returned response: <Response [200]>
2023-01-01 10:04:05,629 - instabot version: 0.117.0 (api) - INFO - Logged-in successfully as 'hajbibiii'!
2023-01-01 10:04:05,630 - instabot version: 0.117.0 (bot_checkpoint) - DEBUG - Loading Checkpoint file from: C:\Users\Mal McD\Desktop\UnightTests\functionality/config/hajbibiii.checkpoint
2023-01-01 10:04:18,261 - instabot version: 0.117.0 (bot) - INFO - Instabot version: 0.117.0 Started
2023-01-01 10:04:18,262 - instabot version: 0.117.0 (bot) - DEBUG - Bot imported from C:\Users\Mal McD\AppData\Local\Packages\PythonSoftwareFoundation.Python.3.9_qbz5n2kfra8p0\LocalCache\local-packages\Python39\site-packages\instabot\bot\bot.py
2023-01-01 10:04:18,263 - instabot version: 0.117.0 (api_login) - DEBUG - Loading cookies
2023-01-01 10:04:18,263 - instabot version: 0.117.0 (api_login) - DEBUG - Loading uuids
2023-01-01 10:04:18,263 - instabot version: 0.117.0 (api_login) - INFO - Recovery from C:\Users\Mal McD\Desktop\UnightTests\functionality/config/hajbibiii_uuid_and_cookie.json: COOKIE True - UUIDs True - TIMING, DEVICE and ...
- user-agent=Instagram 117.0.0.28.123 Android (28/9.0; 420dpi; 1080x1920; OnePlus; ONEPLUS A3003; OnePlus3; qcom; en_US; 180322800)
- phone_id=f9fe3ee6-c3d6-4377-a1f8-b5970e476425
- uuid=075295ab-0536-451a-ba75-0d8acda91fcf
- client_session_id=4dcb8671-ff5f-4052-a8bf-a9198b82a8d4
- device_id=android-f729190fcd58203e
2023-01-01 10:04:18,268 - instabot version: 0.117.0 (api_login) - INFO - LOGIN FLOW! Just logged-in: False
2023-01-01 10:04:19,306 - instabot version: 0.117.0 (api) - DEBUG - POST to endpoint: feed/timeline/ returned response: <Response [200]>
2023-01-01 10:04:19,499 - instabot version: 0.117.0 (api) - DEBUG - POST to endpoint: feed/reels_tray/ returned response: <Response [200]>
2023-01-01 10:04:19,500 - instabot version: 0.117.0 (api) - INFO - Logged-in successfully as 'hajbibiii'!
2023-01-01 10:04:19,501 - instabot version: 0.117.0 (bot_checkpoint) - DEBUG - Loading Checkpoint file from: C:\Users\Mal McD\Desktop\UnightTests\functionality/config/hajbibiii.checkpoint
2023-01-01 10:04:46,609 - instabot version: 0.117.0 (bot_checkpoint) - DEBUG - Saving Checkpoint file to: C:\Users\Mal McD\Desktop\UnightTests\functionality/config/hajbibiii.checkpoint
2023-01-01 10:04:46,610 - instabot version: 0.117.0 (bot) - INFO - Total requests: 31
2023-01-01 10:04:46,611 - instabot version: 0.117.0 (bot_checkpoint) - DEBUG - Saving Checkpoint file to: C:\Users\Mal McD\Desktop\UnightTests\functionality/config/hajbibiii.checkpoint
2023-01-01 10:04:46,612 - instabot version: 0.117.0 (bot) - INFO - Total requests: 31
2023-01-01 10:04:46,613 - instabot version: 0.117.0 (bot_checkpoint) - DEBUG - Saving Checkpoint file to: C:\Users\Mal McD\Desktop\UnightTests\functionality/config/hajbibiii.checkpoint
2023-01-01 10:04:46,614 - instabot version: 0.117.0 (bot) - INFO - Total requests: 31
